
Showing logs for build [32mcb-kubecd-environment-pr-1226-2-ct765-1[0m stage [32mfrom-build-pack[0m and container [32mstep-credential-initializer-cxnfd[0m
{"level":"warn","ts":1582904708.8856523,"logger":"fallback-logger","caller":"logging/config.go:69","msg":"Fetch GitHub commit ID from kodata failed: \"ref: refs/heads/0.8.0-**-support-backwards-incompats\" is not a valid GitHub commit ID"}
{"level":"info","ts":1582904708.8865192,"logger":"fallback-logger","caller":"creds-init/main.go:40","msg":"Credentials initialized."}

Showing logs for build [32mcb-kubecd-environment-pr-1226-2-ct765-1[0m stage [32mfrom-build-pack[0m and container [32mstep-working-dir-initializer-74xvn[0m
{"level":"warn","ts":1582904709.9298232,"logger":"fallback-logger","caller":"logging/config.go:69","msg":"Fetch GitHub commit ID from kodata failed: open /var/run/ko/HEAD: no such file or directory"}
{"level":"info","ts":1582904709.9319718,"logger":"fallback-logger","caller":"bash/main.go:64","msg":"Successfully executed command \"sh -c mkdir -p /workspace/source\"; output "}

Showing logs for build [32mcb-kubecd-environment-pr-1226-2-ct765-1[0m stage [32mfrom-build-pack[0m and container [32mstep-place-tools[0m

Showing logs for build [32mcb-kubecd-environment-pr-1226-2-ct765-1[0m stage [32mfrom-build-pack[0m and container [32mstep-git-source-cb-kubecd-environment-pr-1226-2-ct765-xlzfc[0m
{"level":"warn","ts":1582904715.0440888,"logger":"fallback-logger","caller":"logging/config.go:69","msg":"Fetch GitHub commit ID from kodata failed: \"ref: refs/heads/0.8.0-**-support-backwards-incompats\" is not a valid GitHub commit ID"}
{"level":"info","ts":1582904716.11608,"logger":"fallback-logger","caller":"git/git.go:103","msg":"Successfully cloned https://github.com/cb-kubecd/environment-pr-1226-2-bdd-frontend-staging.git @ master in path /workspace/source"}

Showing logs for build [32mcb-kubecd-environment-pr-1226-2-ct765-1[0m stage [32mfrom-build-pack[0m and container [32mstep-git-merge[0m
Using SHAs from PULL_REFS=master:c027ebf8623ca8add2b519edc3674ff7dff08686,1:a22d4686bdaaba760635f8926065a936ca5f4d4b
DEBUG: LC_ALL=C JX_LOG_LEVEL=error git fetch origin --unshallow a22d4686bdaaba760635f8926065a936ca5f4d4b: c027ebf8623ca8add2b519edc3674ff7dff08686:
DEBUG: ran git fetch --unshallow origin a22d4686bdaaba760635f8926065a936ca5f4d4b: c027ebf8623ca8add2b519edc3674ff7dff08686: in 
DEBUG: JX_LOG_LEVEL=error LC_ALL=C git branch
DEBUG: LC_ALL=C JX_LOG_LEVEL=error git checkout master
DEBUG: ran git checkout master in 
DEBUG: LC_ALL=C JX_LOG_LEVEL=error git reset --hard c027ebf8623ca8add2b519edc3674ff7dff08686
DEBUG: ran git reset --hard c027ebf8623ca8add2b519edc3674ff7dff08686 in 
DEBUG: LC_ALL=C JX_LOG_LEVEL=error git clean -fd .
DEBUG: ran clean --force -d . in 
DEBUG: LC_ALL=C JX_LOG_LEVEL=error git merge a22d4686bdaaba760635f8926065a936ca5f4d4b
DEBUG: ran git merge a22d4686bdaaba760635f8926065a936ca5f4d4b in 
DEBUG: LC_ALL=C JX_LOG_LEVEL=error git log --format=%H%x1f%an%x1f%ae%x1f%cn%x1f%ce%x1f%s%n%b%x1e c027ebf8623ca8add2b519edc3674ff7dff08686..HEAD
Merged SHA a22d4686bdaaba760635f8926065a936ca5f4d4b with commit message 'chore: Promote bdd-nh-1582903904 to version 0.0.1' into base branch master

Showing logs for build [32mcb-kubecd-environment-pr-1226-2-ct765-1[0m stage [32mfrom-build-pack[0m and container [32mstep-build-helm-build[0m
WARNING: No $CHART_REPOSITORY defined so using the default value of: http://jenkins-x-chartmuseum:8080
Adding missing Helm repo: storage.googleapis.com https://storage.googleapis.com/chartmuseum.jenkins-x.io
WARNING: No secrets found on "helm/repos" due: reading the secret "helm/repos" from vault: no secret "helm/repos" not found in vault
Read credentials for https://storage.googleapis.com/chartmuseum.jenkins-x.io from vault helm/repos
Successfully added Helm repository storage.googleapis.com.
Adding missing Helm repo: jenkins-x-chartmuseum http://jenkins-x-chartmuseum:8080
WARNING: No secrets found on "helm/repos" due: reading the secret "helm/repos" from vault: no secret "helm/repos" not found in vault
Read credentials for http://jenkins-x-chartmuseum:8080 from vault helm/repos
Successfully added Helm repository jenkins-x-chartmuseum.
WARNING: No $CHART_REPOSITORY defined so using the default value of: http://jenkins-x-chartmuseum:8080
Adding missing Helm repo: chartmuseum.jenkins-x.io http://chartmuseum.jenkins-x.io
WARNING: No secrets found on "helm/repos" due: reading the secret "helm/repos" from vault: no secret "helm/repos" not found in vault
Read credentials for http://chartmuseum.jenkins-x.io from vault helm/repos
Successfully added Helm repository chartmuseum.jenkins-x.io.
